Analysis & Synthesis report for ps2_controller_de0
Thu Mar  1 22:57:52 2012
Quartus II Version 11.0 Build 157 04/27/2011 SJ Web Edition


---------------------
; Table of Contents ;
---------------------
  1. Legal Notice
  2. Analysis & Synthesis Summary
  3. Analysis & Synthesis Settings
  4. Analysis & Synthesis Source Files Read
  5. Analysis & Synthesis Resource Usage Summary
  6. Analysis & Synthesis Resource Utilization by Entity
  7. State Machine - |ps2_controller_de0|ps2_kb_led_controller:ps2_kb_led_controller_1|state
  8. State Machine - |ps2_controller_de0|ps2_controller:kb_ps2_contr|ps2_controller_fsm:ps2_controller_fsm_1|state
  9. Registers Removed During Synthesis
 10. General Register Statistics
 11. Inverted Register Statistics
 12. Multiplexer Restructuring Statistics (Restructuring Performed)
 13. Parameter Settings for User Entity Instance: ps2_controller:kb_ps2_contr
 14. Parameter Settings for User Entity Instance: ps2_controller:kb_ps2_contr|schmitt_trigger_filter:ps2_clk_filter
 15. Parameter Settings for User Entity Instance: ps2_controller:kb_ps2_contr|schmitt_trigger_filter:ps2_data_filter
 16. Parameter Settings for User Entity Instance: ps2_controller:kb_ps2_contr|shift_reg:buf_shift_reg
 17. Parameter Settings for User Entity Instance: ps2_controller:kb_ps2_contr|counter:bits_counter
 18. Parameter Settings for User Entity Instance: ps2_controller:kb_ps2_contr|counter:com_timer
 19. Parameter Settings for User Entity Instance: ps2_controller:kb_ps2_contr|parity_generator:rx_parity_generator
 20. Parameter Settings for User Entity Instance: ps2_controller:kb_ps2_contr|parity_generator:tx_parity_generator
 21. Parameter Settings for User Entity Instance: ps2_controller:kb_ps2_contr|ps2_controller_fsm:ps2_controller_fsm_1
 22. Parameter Settings for User Entity Instance: knight_rider_leds:kb_knight_rider_leds
 23. Parameter Settings for User Entity Instance: knight_rider_leds:sys_knight_rider_leds
 24. Port Connectivity Checks: "knight_rider_leds:sys_knight_rider_leds"
 25. Port Connectivity Checks: "ps2_controller:kb_ps2_contr|ps2_controller_fsm:ps2_controller_fsm_1"
 26. Port Connectivity Checks: "ps2_controller:kb_ps2_contr|counter:com_timer"
 27. Port Connectivity Checks: "ps2_controller:kb_ps2_contr|counter:bits_counter"
 28. Port Connectivity Checks: "ps2_controller:kb_ps2_contr"
 29. Elapsed Time Per Partition
 30. Analysis & Synthesis Messages



----------------
; Legal Notice ;
----------------
Copyright (C) 1991-2011 Altera Corporation
Your use of Altera Corporation's design tools, logic functions 
and other software and tools, and its AMPP partner logic 
functions, and any output files from any of the foregoing 
(including device programming or simulation files), and any 
associated documentation or information are expressly subject 
to the terms and conditions of the Altera Program License 
Subscription Agreement, Altera MegaCore Function License 
Agreement, or other applicable license agreement, including, 
without limitation, that your use is for the sole purpose of 
programming logic devices manufactured by Altera and sold by 
Altera or its authorized distributors.  Please refer to the 
applicable agreement for further details.



+-------------------------------------------------------------------------------+
; Analysis & Synthesis Summary                                                  ;
+------------------------------------+------------------------------------------+
; Analysis & Synthesis Status        ; Successful - Thu Mar  1 22:57:51 2012    ;
; Quartus II Version                 ; 11.0 Build 157 04/27/2011 SJ Web Edition ;
; Revision Name                      ; ps2_controller_de0                       ;
; Top-level Entity Name              ; ps2_controller_de0                       ;
; Family                             ; Cyclone III                              ;
; Total logic elements               ; 197                                      ;
;     Total combinational functions  ; 188                                      ;
;     Dedicated logic registers      ; 132                                      ;
; Total registers                    ; 132                                      ;
; Total pins                         ; 252                                      ;
; Total virtual pins                 ; 0                                        ;
; Total memory bits                  ; 0                                        ;
; Embedded Multiplier 9-bit elements ; 0                                        ;
; Total PLLs                         ; 0                                        ;
+------------------------------------+------------------------------------------+


+----------------------------------------------------------------------------------------------------------------------+
; Analysis & Synthesis Settings                                                                                        ;
+----------------------------------------------------------------------------+--------------------+--------------------+
; Option                                                                     ; Setting            ; Default Value      ;
+----------------------------------------------------------------------------+--------------------+--------------------+
; Device                                                                     ; EP3C16F484C6       ;                    ;
; Top-level entity name                                                      ; ps2_controller_de0 ; ps2_controller_de0 ;
; Family name                                                                ; Cyclone III        ; Cyclone IV GX      ;
; Use smart compilation                                                      ; Off                ; Off                ;
; Enable parallel Assembler and TimeQuest Timing Analyzer during compilation ; On                 ; On                 ;
; Enable compact report table                                                ; Off                ; Off                ;
; Restructure Multiplexers                                                   ; Auto               ; Auto               ;
; Create Debugging Nodes for IP Cores                                        ; Off                ; Off                ;
; Preserve fewer node names                                                  ; On                 ; On                 ;
; Disable OpenCore Plus hardware evaluation                                  ; Off                ; Off                ;
; Verilog Version                                                            ; Verilog_2001       ; Verilog_2001       ;
; VHDL Version                                                               ; VHDL_1993          ; VHDL_1993          ;
; State Machine Processing                                                   ; Auto               ; Auto               ;
; Safe State Machine                                                         ; Off                ; Off                ;
; Extract Verilog State Machines                                             ; On                 ; On                 ;
; Extract VHDL State Machines                                                ; On                 ; On                 ;
; Ignore Verilog initial constructs                                          ; Off                ; Off                ;
; Iteration limit for constant Verilog loops                                 ; 5000               ; 5000               ;
; Iteration limit for non-constant Verilog loops                             ; 250                ; 250                ;
; Add Pass-Through Logic to Inferred RAMs                                    ; On                 ; On                 ;
; Parallel Synthesis                                                         ; On                 ; On                 ;
; DSP Block Balancing                                                        ; Auto               ; Auto               ;
; NOT Gate Push-Back                                                         ; On                 ; On                 ;
; Power-Up Don't Care                                                        ; On                 ; On                 ;
; Remove Redundant Logic Cells                                               ; Off                ; Off                ;
; Remove Duplicate Registers                                                 ; On                 ; On                 ;
; Ignore CARRY Buffers                                                       ; Off                ; Off                ;
; Ignore CASCADE Buffers                                                     ; Off                ; Off                ;
; Ignore GLOBAL Buffers                                                      ; Off                ; Off                ;
; Ignore ROW GLOBAL Buffers                                                  ; Off                ; Off                ;
; Ignore LCELL Buffers                                                       ; Off                ; Off                ;
; Ignore SOFT Buffers                                                        ; On                 ; On                 ;
; Limit AHDL Integers to 32 Bits                                             ; Off                ; Off                ;
; Optimization Technique                                                     ; Balanced           ; Balanced           ;
; Carry Chain Length                                                         ; 70                 ; 70                 ;
; Auto Carry Chains                                                          ; On                 ; On                 ;
; Auto Open-Drain Pins                                                       ; On                 ; On                 ;
; Perform WYSIWYG Primitive Resynthesis                                      ; Off                ; Off                ;
; Auto ROM Replacement                                                       ; On                 ; On                 ;
; Auto RAM Replacement                                                       ; On                 ; On                 ;
; Auto DSP Block Replacement                                                 ; On                 ; On                 ;
; Auto Shift Register Replacement                                            ; Auto               ; Auto               ;
; Allow Shift Register Merging across Hierarchies                            ; Auto               ; Auto               ;
; Auto Clock Enable Replacement                                              ; On                 ; On                 ;
; Strict RAM Replacement                                                     ; Off                ; Off                ;
; Allow Synchronous Control Signals                                          ; On                 ; On                 ;
; Force Use of Synchronous Clear Signals                                     ; Off                ; Off                ;
; Auto RAM Block Balancing                                                   ; On                 ; On                 ;
; Auto RAM to Logic Cell Conversion                                          ; Off                ; Off                ;
; Auto Resource Sharing                                                      ; Off                ; Off                ;
; Allow Any RAM Size For Recognition                                         ; Off                ; Off                ;
; Allow Any ROM Size For Recognition                                         ; Off                ; Off                ;
; Allow Any Shift Register Size For Recognition                              ; Off                ; Off                ;
; Use LogicLock Constraints during Resource Balancing                        ; On                 ; On                 ;
; Ignore translate_off and synthesis_off directives                          ; Off                ; Off                ;
; Timing-Driven Synthesis                                                    ; On                 ; On                 ;
; Report Parameter Settings                                                  ; On                 ; On                 ;
; Report Source Assignments                                                  ; On                 ; On                 ;
; Report Connectivity Checks                                                 ; On                 ; On                 ;
; Ignore Maximum Fan-Out Assignments                                         ; Off                ; Off                ;
; Synchronization Register Chain Length                                      ; 2                  ; 2                  ;
; PowerPlay Power Optimization                                               ; Normal compilation ; Normal compilation ;
; HDL message level                                                          ; Level2             ; Level2             ;
; Suppress Register Optimization Related Messages                            ; Off                ; Off                ;
; Number of Removed Registers Reported in Synthesis Report                   ; 5000               ; 5000               ;
; Number of Inverted Registers Reported in Synthesis Report                  ; 100                ; 100                ;
; Clock MUX Protection                                                       ; On                 ; On                 ;
; Auto Gated Clock Conversion                                                ; Off                ; Off                ;
; Block Design Naming                                                        ; Auto               ; Auto               ;
; SDC constraint protection                                                  ; Off                ; Off                ;
; Synthesis Effort                                                           ; Auto               ; Auto               ;
; Shift Register Replacement - Allow Asynchronous Clear Signal               ; On                 ; On                 ;
; Analysis & Synthesis Message Level                                         ; Medium             ; Medium             ;
; Disable Register Merging Across Hierarchies                                ; Auto               ; Auto               ;
; Resource Aware Inference For Block RAM                                     ; On                 ; On                 ;
; Synthesis Seed                                                             ; 1                  ; 1                  ;
+----------------------------------------------------------------------------+--------------------+--------------------+


+---------------------------------------------------------------------------------------------------------------------------------------------------------------+
; Analysis & Synthesis Source Files Read                                                                                                                        ;
+-------------------------------------------------+-----------------+-----------------+-------------------------------------------------------------------------+
; File Name with User-Entered Path                ; Used in Netlist ; File Type       ; File Name with Absolute Path                                            ;
+-------------------------------------------------+-----------------+-----------------+-------------------------------------------------------------------------+
; ../../common/rtl/seg7_decoder.vhd               ; yes             ; User VHDL File  ; /home/jansen/vhdl/projects/common/rtl/seg7_decoder.vhd                  ;
; ../rtl/ps2_kb_led_controller.vhd                ; yes             ; User VHDL File  ; /home/jansen/vhdl/projects/ps2_controller/rtl/ps2_kb_led_controller.vhd ;
; ../rtl/ps2_controller_de0.vhd                   ; yes             ; User VHDL File  ; /home/jansen/vhdl/projects/ps2_controller/rtl/ps2_controller_de0.vhd    ;
; ../../primatives/rtl/schmitt_trigger_filter.vhd ; yes             ; User VHDL File  ; /home/jansen/vhdl/projects/primatives/rtl/schmitt_trigger_filter.vhd    ;
; ../../primatives/rtl/counter.vhd                ; yes             ; User VHDL File  ; /home/jansen/vhdl/projects/primatives/rtl/counter.vhd                   ;
; ../../primatives/rtl/shift_reg.vhd              ; yes             ; User VHDL File  ; /home/jansen/vhdl/projects/primatives/rtl/shift_reg.vhd                 ;
; ../../common/rtl/parity_generator.vhd           ; yes             ; User VHDL File  ; /home/jansen/vhdl/projects/common/rtl/parity_generator.vhd              ;
; ../rtl/ps2_controller_fsm.vhd                   ; yes             ; User VHDL File  ; /home/jansen/vhdl/projects/ps2_controller/rtl/ps2_controller_fsm.vhd    ;
; ../rtl/ps2_controller.vhd                       ; yes             ; User VHDL File  ; /home/jansen/vhdl/projects/ps2_controller/rtl/ps2_controller.vhd        ;
+-------------------------------------------------+-----------------+-----------------+-------------------------------------------------------------------------+


+-----------------------------------------------------------------------------------------+
; Analysis & Synthesis Resource Usage Summary                                             ;
+---------------------------------------------+-------------------------------------------+
; Resource                                    ; Usage                                     ;
+---------------------------------------------+-------------------------------------------+
; Estimated Total logic elements              ; 197                                       ;
;                                             ;                                           ;
; Total combinational functions               ; 188                                       ;
; Logic element usage by number of LUT inputs ;                                           ;
;     -- 4 input functions                    ; 71                                        ;
;     -- 3 input functions                    ; 37                                        ;
;     -- <=2 input functions                  ; 80                                        ;
;                                             ;                                           ;
; Logic elements by mode                      ;                                           ;
;     -- normal mode                          ; 128                                       ;
;     -- arithmetic mode                      ; 60                                        ;
;                                             ;                                           ;
; Total registers                             ; 132                                       ;
;     -- Dedicated logic registers            ; 132                                       ;
;     -- I/O registers                        ; 0                                         ;
;                                             ;                                           ;
; I/O pins                                    ; 252                                       ;
; Maximum fan-out node                        ; reset_control:reset_control_1|LessThan0~1 ;
; Maximum fan-out                             ; 132                                       ;
; Total fan-out                               ; 1322                                      ;
; Average fan-out                             ; 1.60                                      ;
+---------------------------------------------+-------------------------------------------+


+-------------------------------------------------------------------------------------------------------------------------------------------------------------------------------------------------------------------------------------------------------------------------+
; Analysis & Synthesis Resource Utilization by Entity                                                                                                                                                                                                                     ;
+----------------------------------------------------+-------------------+--------------+-------------+--------------+---------+-----------+------+--------------+-----------------------------------------------------------------------------------------+--------------+
; Compilation Hierarchy Node                         ; LC Combinationals ; LC Registers ; Memory Bits ; DSP Elements ; DSP 9x9 ; DSP 18x18 ; Pins ; Virtual Pins ; Full Hierarchy Name                                                                     ; Library Name ;
+----------------------------------------------------+-------------------+--------------+-------------+--------------+---------+-----------+------+--------------+-----------------------------------------------------------------------------------------+--------------+
; |ps2_controller_de0                                ; 188 (13)          ; 132 (9)      ; 0           ; 0            ; 0       ; 0         ; 252  ; 0            ; |ps2_controller_de0                                                                     ;              ;
;    |knight_rider_leds:kb_knight_rider_leds|        ; 36 (36)           ; 28 (28)      ; 0           ; 0            ; 0       ; 0         ; 0    ; 0            ; |ps2_controller_de0|knight_rider_leds:kb_knight_rider_leds                              ;              ;
;    |knight_rider_leds:sys_knight_rider_leds|       ; 46 (46)           ; 36 (36)      ; 0           ; 0            ; 0       ; 0         ; 0    ; 0            ; |ps2_controller_de0|knight_rider_leds:sys_knight_rider_leds                             ;              ;
;    |ps2_controller:kb_ps2_contr|                   ; 57 (0)            ; 43 (0)       ; 0           ; 0            ; 0       ; 0         ; 0    ; 0            ; |ps2_controller_de0|ps2_controller:kb_ps2_contr                                         ;              ;
;       |counter:bits_counter|                       ; 7 (7)             ; 4 (4)        ; 0           ; 0            ; 0       ; 0         ; 0    ; 0            ; |ps2_controller_de0|ps2_controller:kb_ps2_contr|counter:bits_counter                    ;              ;
;       |counter:com_timer|                          ; 13 (13)           ; 13 (13)      ; 0           ; 0            ; 0       ; 0         ; 0    ; 0            ; |ps2_controller_de0|ps2_controller:kb_ps2_contr|counter:com_timer                       ;              ;
;       |parity_generator:tx_parity_generator|       ; 1 (1)             ; 0 (0)        ; 0           ; 0            ; 0       ; 0         ; 0    ; 0            ; |ps2_controller_de0|ps2_controller:kb_ps2_contr|parity_generator:tx_parity_generator    ;              ;
;       |ps2_controller_fsm:ps2_controller_fsm_1|    ; 22 (22)           ; 9 (9)        ; 0           ; 0            ; 0       ; 0         ; 0    ; 0            ; |ps2_controller_de0|ps2_controller:kb_ps2_contr|ps2_controller_fsm:ps2_controller_fsm_1 ;              ;
;       |schmitt_trigger_filter:ps2_clk_filter|      ; 1 (1)             ; 4 (4)        ; 0           ; 0            ; 0       ; 0         ; 0    ; 0            ; |ps2_controller_de0|ps2_controller:kb_ps2_contr|schmitt_trigger_filter:ps2_clk_filter   ;              ;
;       |schmitt_trigger_filter:ps2_data_filter|     ; 1 (1)             ; 4 (4)        ; 0           ; 0            ; 0       ; 0         ; 0    ; 0            ; |ps2_controller_de0|ps2_controller:kb_ps2_contr|schmitt_trigger_filter:ps2_data_filter  ;              ;
;       |shift_reg:buf_shift_reg|                    ; 12 (12)           ; 9 (9)        ; 0           ; 0            ; 0       ; 0         ; 0    ; 0            ; |ps2_controller_de0|ps2_controller:kb_ps2_contr|shift_reg:buf_shift_reg                 ;              ;
;    |ps2_kb_led_controller:ps2_kb_led_controller_1| ; 13 (13)           ; 9 (9)        ; 0           ; 0            ; 0       ; 0         ; 0    ; 0            ; |ps2_controller_de0|ps2_kb_led_controller:ps2_kb_led_controller_1                       ;              ;
;    |reset_control:reset_control_1|                 ; 9 (9)             ; 7 (7)        ; 0           ; 0            ; 0       ; 0         ; 0    ; 0            ; |ps2_controller_de0|reset_control:reset_control_1                                       ;              ;
;    |seg7_decoder:seg7_decoder_1|                   ; 7 (7)             ; 0 (0)        ; 0           ; 0            ; 0       ; 0         ; 0    ; 0            ; |ps2_controller_de0|seg7_decoder:seg7_decoder_1                                         ;              ;
;    |seg7_decoder:seg7_decoder_2|                   ; 7 (7)             ; 0 (0)        ; 0           ; 0            ; 0       ; 0         ; 0    ; 0            ; |ps2_controller_de0|seg7_decoder:seg7_decoder_2                                         ;              ;
+----------------------------------------------------+-------------------+--------------+-------------+--------------+---------+-----------+------+--------------+-----------------------------------------------------------------------------------------+--------------+
Note: For table entries with two numbers listed, the numbers in parentheses indicate the number of resources of the given type used by the specific entity alone. The numbers listed outside of parentheses indicate the total resources of the given type used by the specific entity and all of its sub-entities in the hierarchy.


Encoding Type:  One-Hot
+------------------------------------------------------------------------------------------------------------------------------------+
; State Machine - |ps2_controller_de0|ps2_kb_led_controller:ps2_kb_led_controller_1|state                                            ;
+--------------------+--------------------+---------------+------------------+-------------------+--------------------+--------------+
; Name               ; state.WAIT_WRITE_S ; state.WRITE_S ; state.WAIT_CMD_S ; state.WRITE_CMD_S ; state.BUSSY_WAIT_S ; state.IDLE_S ;
+--------------------+--------------------+---------------+------------------+-------------------+--------------------+--------------+
; state.IDLE_S       ; 0                  ; 0             ; 0                ; 0                 ; 0                  ; 0            ;
; state.BUSSY_WAIT_S ; 0                  ; 0             ; 0                ; 0                 ; 1                  ; 1            ;
; state.WRITE_CMD_S  ; 0                  ; 0             ; 0                ; 1                 ; 0                  ; 1            ;
; state.WAIT_CMD_S   ; 0                  ; 0             ; 1                ; 0                 ; 0                  ; 1            ;
; state.WRITE_S      ; 0                  ; 1             ; 0                ; 0                 ; 0                  ; 1            ;
; state.WAIT_WRITE_S ; 1                  ; 0             ; 0                ; 0                 ; 0                  ; 1            ;
+--------------------+--------------------+---------------+------------------+-------------------+--------------------+--------------+


Encoding Type:  One-Hot
+--------------------------------------------------------------------------------------------------------------------------------------------------------------------------------------+
; State Machine - |ps2_controller_de0|ps2_controller:kb_ps2_contr|ps2_controller_fsm:ps2_controller_fsm_1|state                                                                        ;
+--------------------+----------------+-----------------+-----------------+------------------+--------------------+-----------------+-----------------+-----------------+--------------+
; Name               ; state.TX_ACK_S ; state.TX_STOP_S ; state.TX_DATA_S ; state.TX_START_S ; state.TX_INHIBIT_S ; state.RX_STOP_S ; state.RX_DATA_S ; state.INHIBIT_S ; state.IDLE_S ;
+--------------------+----------------+-----------------+-----------------+------------------+--------------------+-----------------+-----------------+-----------------+--------------+
; state.IDLE_S       ; 0              ; 0               ; 0               ; 0                ; 0                  ; 0               ; 0               ; 0               ; 0            ;
; state.INHIBIT_S    ; 0              ; 0               ; 0               ; 0                ; 0                  ; 0               ; 0               ; 1               ; 1            ;
; state.RX_DATA_S    ; 0              ; 0               ; 0               ; 0                ; 0                  ; 0               ; 1               ; 0               ; 1            ;
; state.RX_STOP_S    ; 0              ; 0               ; 0               ; 0                ; 0                  ; 1               ; 0               ; 0               ; 1            ;
; state.TX_INHIBIT_S ; 0              ; 0               ; 0               ; 0                ; 1                  ; 0               ; 0               ; 0               ; 1            ;
; state.TX_START_S   ; 0              ; 0               ; 0               ; 1                ; 0                  ; 0               ; 0               ; 0               ; 1            ;
; state.TX_DATA_S    ; 0              ; 0               ; 1               ; 0                ; 0                  ; 0               ; 0               ; 0               ; 1            ;
; state.TX_STOP_S    ; 0              ; 1               ; 0               ; 0                ; 0                  ; 0               ; 0               ; 0               ; 1            ;
; state.TX_ACK_S     ; 1              ; 0               ; 0               ; 0                ; 0                  ; 0               ; 0               ; 0               ; 1            ;
+--------------------+----------------+-----------------+-----------------+------------------+--------------------+-----------------+-----------------+-----------------+--------------+


+------------------------------------------------------------------------------------------------------------------------------+
; Registers Removed During Synthesis                                                                                           ;
+-------------------------------------------------------------------------------------+----------------------------------------+
; Register name                                                                       ; Reason for Removal                     ;
+-------------------------------------------------------------------------------------+----------------------------------------+
; rx_ack_r_reg[0,2]                                                                   ; Stuck at GND due to stuck port data_in ;
; rx_ack_r_reg[4]                                                                     ; Merged with rx_ack_r_reg[5]            ;
; rx_ack_r_reg[5]                                                                     ; Merged with rx_ack_r_reg[6]            ;
; rx_ack_r_reg[6]                                                                     ; Merged with rx_ack_r_reg[7]            ;
; rx_ack_r_reg[7]                                                                     ; Merged with rx_ack_r_reg[1]            ;
; rx_ack_r_reg[1]                                                                     ; Merged with rx_ack_r_reg[3]            ;
; ps2_controller:kb_ps2_contr|ps2_controller_fsm:ps2_controller_fsm_1|state.INHIBIT_S ; Stuck at GND due to stuck port data_in ;
; Total Number of Removed Registers = 8                                               ;                                        ;
+-------------------------------------------------------------------------------------+----------------------------------------+


+------------------------------------------------------+
; General Register Statistics                          ;
+----------------------------------------------+-------+
; Statistic                                    ; Value ;
+----------------------------------------------+-------+
; Total registers                              ; 132   ;
; Number of registers using Synchronous Clear  ; 58    ;
; Number of registers using Synchronous Load   ; 0     ;
; Number of registers using Asynchronous Clear ; 125   ;
; Number of registers using Asynchronous Load  ; 0     ;
; Number of registers using Clock Enable       ; 47    ;
; Number of registers using Preset             ; 0     ;
+----------------------------------------------+-------+


+----------------------------------------------------------------------+
; Inverted Register Statistics                                         ;
+------------------------------------------------------------+---------+
; Inverted Register                                          ; Fan out ;
+------------------------------------------------------------+---------+
; knight_rider_leds:sys_knight_rider_leds|leds_reg[0]        ; 3       ;
; knight_rider_leds:sys_knight_rider_leds|leds_reg[1]        ; 3       ;
; knight_rider_leds:sys_knight_rider_leds|leds_reg[2]        ; 3       ;
; knight_rider_leds:sys_knight_rider_leds|leds_reg[3]        ; 3       ;
; ps2_controller:kb_ps2_contr|shift_reg:buf_shift_reg|reg[0] ; 5       ;
; ps2_controller:kb_ps2_contr|shift_reg:buf_shift_reg|reg[7] ; 3       ;
; ps2_controller:kb_ps2_contr|shift_reg:buf_shift_reg|reg[6] ; 3       ;
; ps2_controller:kb_ps2_contr|shift_reg:buf_shift_reg|reg[5] ; 3       ;
; ps2_controller:kb_ps2_contr|shift_reg:buf_shift_reg|reg[4] ; 3       ;
; ps2_controller:kb_ps2_contr|shift_reg:buf_shift_reg|reg[2] ; 3       ;
; ps2_controller:kb_ps2_contr|shift_reg:buf_shift_reg|reg[3] ; 3       ;
; ps2_controller:kb_ps2_contr|shift_reg:buf_shift_reg|reg[1] ; 3       ;
; knight_rider_leds:kb_knight_rider_leds|leds_reg[0]         ; 3       ;
; Total number of inverted registers = 13                    ;         ;
+------------------------------------------------------------+---------+


+--------------------------------------------------------------------------------------------------------------------------------------------------------------------------------------------------------------+
; Multiplexer Restructuring Statistics (Restructuring Performed)                                                                                                                                               ;
+--------------------+-----------+---------------+----------------------+------------------------+--------------------------------------------------------------------------------+----------------------------+
; Multiplexer Inputs ; Bus Width ; Baseline Area ; Area if Restructured ; Saving if Restructured ; Registered                                                                     ; Example Multiplexer Output ;
+--------------------+-----------+---------------+----------------------+------------------------+--------------------------------------------------------------------------------+----------------------------+
; 4:1                ; 4 bits    ; 8 LEs         ; 4 LEs                ; 4 LEs                  ; |ps2_controller_de0|ps2_controller:kb_ps2_contr|counter:bits_counter|l_cnt[2]  ;                            ;
; 3:1                ; 5 bits    ; 10 LEs        ; 5 LEs                ; 5 LEs                  ; |ps2_controller_de0|ps2_controller:kb_ps2_contr|shift_reg:buf_shift_reg|reg[3] ;                            ;
; 4:1                ; 3 bits    ; 6 LEs         ; 6 LEs                ; 0 LEs                  ; |ps2_controller_de0|ps2_controller:kb_ps2_contr|shift_reg:buf_shift_reg|reg[0] ;                            ;
+--------------------+-----------+---------------+----------------------+------------------------+--------------------------------------------------------------------------------+----------------------------+


+--------------------------------------------------------------------------+
; Parameter Settings for User Entity Instance: ps2_controller:kb_ps2_contr ;
+----------------+----------+----------------------------------------------+
; Parameter Name ; Value    ; Type                                         ;
+----------------+----------+----------------------------------------------+
; clk_freq       ; 50000000 ; Signed Integer                               ;
+----------------+----------+----------------------------------------------+
Note: In order to hide this table in the UI and the text report file, please set the "Show Parameter Settings in Synthesis Report" option in "Analysis and Synthesis Settings -> More Settings" to "Off".


+----------------------------------------------------------------------------------------------------------------+
; Parameter Settings for User Entity Instance: ps2_controller:kb_ps2_contr|schmitt_trigger_filter:ps2_clk_filter ;
+----------------+-------+---------------------------------------------------------------------------------------+
; Parameter Name ; Value ; Type                                                                                  ;
+----------------+-------+---------------------------------------------------------------------------------------+
; n              ; 3     ; Signed Integer                                                                        ;
; reset_val      ; '0'   ; Enumerated                                                                            ;
+----------------+-------+---------------------------------------------------------------------------------------+
Note: In order to hide this table in the UI and the text report file, please set the "Show Parameter Settings in Synthesis Report" option in "Analysis and Synthesis Settings -> More Settings" to "Off".


+-----------------------------------------------------------------------------------------------------------------+
; Parameter Settings for User Entity Instance: ps2_controller:kb_ps2_contr|schmitt_trigger_filter:ps2_data_filter ;
+----------------+-------+----------------------------------------------------------------------------------------+
; Parameter Name ; Value ; Type                                                                                   ;
+----------------+-------+----------------------------------------------------------------------------------------+
; n              ; 3     ; Signed Integer                                                                         ;
; reset_val      ; '0'   ; Enumerated                                                                             ;
+----------------+-------+----------------------------------------------------------------------------------------+
Note: In order to hide this table in the UI and the text report file, please set the "Show Parameter Settings in Synthesis Report" option in "Analysis and Synthesis Settings -> More Settings" to "Off".


+--------------------------------------------------------------------------------------------------+
; Parameter Settings for User Entity Instance: ps2_controller:kb_ps2_contr|shift_reg:buf_shift_reg ;
+----------------+-----------+---------------------------------------------------------------------+
; Parameter Name ; Value     ; Type                                                                ;
+----------------+-----------+---------------------------------------------------------------------+
; n              ; 9         ; Signed Integer                                                      ;
; reset_val      ; 011111111 ; Unsigned Binary                                                     ;
+----------------+-----------+---------------------------------------------------------------------+
Note: In order to hide this table in the UI and the text report file, please set the "Show Parameter Settings in Synthesis Report" option in "Analysis and Synthesis Settings -> More Settings" to "Off".


+-----------------------------------------------------------------------------------------------+
; Parameter Settings for User Entity Instance: ps2_controller:kb_ps2_contr|counter:bits_counter ;
+----------------+-------+----------------------------------------------------------------------+
; Parameter Name ; Value ; Type                                                                 ;
+----------------+-------+----------------------------------------------------------------------+
; max_cnt        ; 9     ; Signed Integer                                                       ;
; rst_val        ; 0     ; Signed Integer                                                       ;
+----------------+-------+----------------------------------------------------------------------+
Note: In order to hide this table in the UI and the text report file, please set the "Show Parameter Settings in Synthesis Report" option in "Analysis and Synthesis Settings -> More Settings" to "Off".


+--------------------------------------------------------------------------------------------+
; Parameter Settings for User Entity Instance: ps2_controller:kb_ps2_contr|counter:com_timer ;
+----------------+-------+-------------------------------------------------------------------+
; Parameter Name ; Value ; Type                                                              ;
+----------------+-------+-------------------------------------------------------------------+
; max_cnt        ; 5001  ; Signed Integer                                                    ;
; rst_val        ; 0     ; Signed Integer                                                    ;
+----------------+-------+-------------------------------------------------------------------+
Note: In order to hide this table in the UI and the text report file, please set the "Show Parameter Settings in Synthesis Report" option in "Analysis and Synthesis Settings -> More Settings" to "Off".


+---------------------------------------------------------------------------------------------------------------+
; Parameter Settings for User Entity Instance: ps2_controller:kb_ps2_contr|parity_generator:rx_parity_generator ;
+----------------+-------+--------------------------------------------------------------------------------------+
; Parameter Name ; Value ; Type                                                                                 ;
+----------------+-------+--------------------------------------------------------------------------------------+
; n              ; 9     ; Signed Integer                                                                       ;
+----------------+-------+--------------------------------------------------------------------------------------+
Note: In order to hide this table in the UI and the text report file, please set the "Show Parameter Settings in Synthesis Report" option in "Analysis and Synthesis Settings -> More Settings" to "Off".


+---------------------------------------------------------------------------------------------------------------+
; Parameter Settings for User Entity Instance: ps2_controller:kb_ps2_contr|parity_generator:tx_parity_generator ;
+----------------+-------+--------------------------------------------------------------------------------------+
; Parameter Name ; Value ; Type                                                                                 ;
+----------------+-------+--------------------------------------------------------------------------------------+
; n              ; 8     ; Signed Integer                                                                       ;
+----------------+-------+--------------------------------------------------------------------------------------+
Note: In order to hide this table in the UI and the text report file, please set the "Show Parameter Settings in Synthesis Report" option in "Analysis and Synthesis Settings -> More Settings" to "Off".


+------------------------------------------------------------------------------------------------------------------+
; Parameter Settings for User Entity Instance: ps2_controller:kb_ps2_contr|ps2_controller_fsm:ps2_controller_fsm_1 ;
+-----------------------------+-------+----------------------------------------------------------------------------+
; Parameter Name              ; Value ; Type                                                                       ;
+-----------------------------+-------+----------------------------------------------------------------------------+
; max_timer_count             ; 5000  ; Signed Integer                                                             ;
; cycles_per_10_micro_seconds ; 500   ; Signed Integer                                                             ;
+-----------------------------+-------+----------------------------------------------------------------------------+
Note: In order to hide this table in the UI and the text report file, please set the "Show Parameter Settings in Synthesis Report" option in "Analysis and Synthesis Settings -> More Settings" to "Off".


+-------------------------------------------------------------------------------------+
; Parameter Settings for User Entity Instance: knight_rider_leds:kb_knight_rider_leds ;
+----------------+----------+---------------------------------------------------------+
; Parameter Name ; Value    ; Type                                                    ;
+----------------+----------+---------------------------------------------------------+
; clk_freq       ; 50000000 ; Signed Integer                                          ;
; period         ; 500      ; Signed Integer                                          ;
; n              ; 3        ; Signed Integer                                          ;
; o              ; 1        ; Signed Integer                                          ;
+----------------+----------+---------------------------------------------------------+
Note: In order to hide this table in the UI and the text report file, please set the "Show Parameter Settings in Synthesis Report" option in "Analysis and Synthesis Settings -> More Settings" to "Off".


+--------------------------------------------------------------------------------------+
; Parameter Settings for User Entity Instance: knight_rider_leds:sys_knight_rider_leds ;
+----------------+----------+----------------------------------------------------------+
; Parameter Name ; Value    ; Type                                                     ;
+----------------+----------+----------------------------------------------------------+
; clk_freq       ; 50000000 ; Signed Integer                                           ;
; period         ; 500      ; Signed Integer                                           ;
; n              ; 10       ; Signed Integer                                           ;
; o              ; 4        ; Signed Integer                                           ;
+----------------+----------+----------------------------------------------------------+
Note: In order to hide this table in the UI and the text report file, please set the "Show Parameter Settings in Synthesis Report" option in "Analysis and Synthesis Settings -> More Settings" to "Off".


+------------------------------------------------------------------------------------------------------------------------------+
; Port Connectivity Checks: "knight_rider_leds:sys_knight_rider_leds"                                                          ;
+--------------------+--------+----------+-------------------------------------------------------------------------------------+
; Port               ; Type   ; Severity ; Details                                                                             ;
+--------------------+--------+----------+-------------------------------------------------------------------------------------+
; leds_update_tick_o ; Output ; Info     ; Connected to dangling logic. Logic that only feeds a dangling port will be removed. ;
+--------------------+--------+----------+-------------------------------------------------------------------------------------+


+-------------------------------------------------------------------------------------------------------------------------------+
; Port Connectivity Checks: "ps2_controller:kb_ps2_contr|ps2_controller_fsm:ps2_controller_fsm_1"                               ;
+---------------------+--------+----------+-------------------------------------------------------------------------------------+
; Port                ; Type   ; Severity ; Details                                                                             ;
+---------------------+--------+----------+-------------------------------------------------------------------------------------+
; rx_frame_err_tick_o ; Output ; Info     ; Connected to dangling logic. Logic that only feeds a dangling port will be removed. ;
+---------------------+--------+----------+-------------------------------------------------------------------------------------+


+---------------------------------------------------------------------------+
; Port Connectivity Checks: "ps2_controller:kb_ps2_contr|counter:com_timer" ;
+------------+-------+----------+-------------------------------------------+
; Port       ; Type  ; Severity ; Details                                   ;
+------------+-------+----------+-------------------------------------------+
; cnt_en_i   ; Input ; Info     ; Stuck at VCC                              ;
; load_cnt_i ; Input ; Info     ; Stuck at GND                              ;
+------------+-------+----------+-------------------------------------------+


+------------------------------------------------------------------------------+
; Port Connectivity Checks: "ps2_controller:kb_ps2_contr|counter:bits_counter" ;
+------------+-------+----------+----------------------------------------------+
; Port       ; Type  ; Severity ; Details                                      ;
+------------+-------+----------+----------------------------------------------+
; load_cnt_i ; Input ; Info     ; Stuck at GND                                 ;
+------------+-------+----------+----------------------------------------------+


+--------------------------------------------------------------------------------------------------------------------------------+
; Port Connectivity Checks: "ps2_controller:kb_ps2_contr"                                                                        ;
+----------------------+--------+----------+-------------------------------------------------------------------------------------+
; Port                 ; Type   ; Severity ; Details                                                                             ;
+----------------------+--------+----------+-------------------------------------------------------------------------------------+
; rx_en_i              ; Input  ; Info     ; Stuck at VCC                                                                        ;
; rx_parity_err_tick_o ; Output ; Info     ; Connected to dangling logic. Logic that only feeds a dangling port will be removed. ;
+----------------------+--------+----------+-------------------------------------------------------------------------------------+


+-------------------------------+
; Elapsed Time Per Partition    ;
+----------------+--------------+
; Partition Name ; Elapsed Time ;
+----------------+--------------+
; Top            ; 00:00:05     ;
+----------------+--------------+


+-------------------------------+
; Analysis & Synthesis Messages ;
+-------------------------------+
Info: *******************************************************************
Info: Running Quartus II Analysis & Synthesis
    Info: Version 11.0 Build 157 04/27/2011 SJ Web Edition
    Info: Processing started: Thu Mar  1 22:57:37 2012
Info: Command: quartus_map --read_settings_files=on --write_settings_files=off ps2_controller_de0 -c ps2_controller_de0
Warning: Parallel compilation is not licensed and has been disabled
Info: Found 2 design units, including 1 entities, in source file /home/jansen/vhdl/projects/common/rtl/seg7_decoder.vhd
    Info: Found design unit 1: seg7_decoder-behaviour
    Info: Found entity 1: seg7_decoder
Info: Found 2 design units, including 1 entities, in source file /home/jansen/vhdl/projects/ps2_controller/rtl/ps2_kb_led_controller.vhd
    Info: Found design unit 1: ps2_kb_led_controller-behaviour
    Info: Found entity 1: ps2_kb_led_controller
Info: Found 6 design units, including 3 entities, in source file /home/jansen/vhdl/projects/ps2_controller/rtl/ps2_controller_de0.vhd
    Info: Found design unit 1: reset_control-behaviour
    Info: Found design unit 2: knight_rider_leds-behaviour
    Info: Found design unit 3: ps2_controller_de0-structure
    Info: Found entity 1: reset_control
    Info: Found entity 2: knight_rider_leds
    Info: Found entity 3: ps2_controller_de0
Info: Found 2 design units, including 1 entities, in source file /home/jansen/vhdl/projects/uart/rtl/uart_transmitter.vhd
    Info: Found design unit 1: uart_transmitter-structure
    Info: Found entity 1: uart_transmitter
Info: Found 2 design units, including 1 entities, in source file /home/jansen/vhdl/projects/uart/rtl/uart_receiver_fsm.vhd
    Info: Found design unit 1: uart_receiver_fsm-behaviour
    Info: Found entity 1: uart_receiver_fsm
Info: Found 2 design units, including 1 entities, in source file /home/jansen/vhdl/projects/uart/rtl/uart_receiver.vhd
    Info: Found design unit 1: uart_receiver-structure
    Info: Found entity 1: uart_receiver
Info: Found 2 design units, including 1 entities, in source file /home/jansen/vhdl/projects/uart/rtl/uart.vhd
    Info: Found design unit 1: uart-structure
    Info: Found entity 1: uart
Info: Found 2 design units, including 1 entities, in source file /home/jansen/vhdl/projects/uart/rtl/uart_transmitter_fsm.vhd
    Info: Found design unit 1: uart_transmitter_fsm-behaviour
    Info: Found entity 1: uart_transmitter_fsm
Info: Found 2 design units, including 1 entities, in source file /home/jansen/vhdl/projects/primatives/rtl/schmitt_trigger_filter.vhd
    Info: Found design unit 1: schmitt_trigger_filter-behaviour
    Info: Found entity 1: schmitt_trigger_filter
Info: Found 2 design units, including 1 entities, in source file /home/jansen/vhdl/projects/primatives/rtl/counter.vhd
    Info: Found design unit 1: counter-behaviour
    Info: Found entity 1: counter
Info: Found 2 design units, including 1 entities, in source file /home/jansen/vhdl/projects/primatives/rtl/shift_reg.vhd
    Info: Found design unit 1: shift_reg-behaviour
    Info: Found entity 1: shift_reg
Info: Found 2 design units, including 1 entities, in source file /home/jansen/vhdl/projects/common/rtl/baud_rate_generator.vhd
    Info: Found design unit 1: baud_rate_generator-structure
    Info: Found entity 1: baud_rate_generator
Info: Found 2 design units, including 1 entities, in source file /home/jansen/vhdl/projects/common/rtl/parity_generator.vhd
    Info: Found design unit 1: parity_generator-behaviour
    Info: Found entity 1: parity_generator
Info: Found 2 design units, including 1 entities, in source file /home/jansen/vhdl/projects/ps2_controller/rtl/ps2_controller_fsm.vhd
    Info: Found design unit 1: ps2_controller_fsm-behaviour
    Info: Found entity 1: ps2_controller_fsm
Info: Found 2 design units, including 1 entities, in source file /home/jansen/vhdl/projects/ps2_controller/rtl/ps2_controller.vhd
    Info: Found design unit 1: ps2_controller-structure
    Info: Found entity 1: ps2_controller
Info: Elaborating entity "ps2_controller_de0" for the top level hierarchy
Warning (10036): Verilog HDL or VHDL warning at ps2_controller_de0.vhd(175): object "kb_parity_err_tick" assigned a value but never read
Warning (10873): Using initial value X (don't care) for net "HEX0[7]" at ps2_controller_de0.vhd(160)
Warning (10873): Using initial value X (don't care) for net "HEX1[7]" at ps2_controller_de0.vhd(161)
Warning (10873): Using initial value X (don't care) for net "HEX2[7]" at ps2_controller_de0.vhd(162)
Warning (10873): Using initial value X (don't care) for net "HEX3[7]" at ps2_controller_de0.vhd(163)
Info: Elaborating entity "ps2_controller" for hierarchy "ps2_controller:kb_ps2_contr"
Info: Elaborating entity "schmitt_trigger_filter" for hierarchy "ps2_controller:kb_ps2_contr|schmitt_trigger_filter:ps2_clk_filter"
Info: Elaborating entity "shift_reg" for hierarchy "ps2_controller:kb_ps2_contr|shift_reg:buf_shift_reg"
Info: Elaborating entity "counter" for hierarchy "ps2_controller:kb_ps2_contr|counter:bits_counter"
Info: Elaborating entity "counter" for hierarchy "ps2_controller:kb_ps2_contr|counter:com_timer"
Info: Elaborating entity "parity_generator" for hierarchy "ps2_controller:kb_ps2_contr|parity_generator:rx_parity_generator"
Info: Elaborating entity "parity_generator" for hierarchy "ps2_controller:kb_ps2_contr|parity_generator:tx_parity_generator"
Info: Elaborating entity "ps2_controller_fsm" for hierarchy "ps2_controller:kb_ps2_contr|ps2_controller_fsm:ps2_controller_fsm_1"
Info: Elaborating entity "reset_control" for hierarchy "reset_control:reset_control_1"
Info: Elaborating entity "seg7_decoder" for hierarchy "seg7_decoder:seg7_decoder_1"
Info: Elaborating entity "ps2_kb_led_controller" for hierarchy "ps2_kb_led_controller:ps2_kb_led_controller_1"
Info: Elaborating entity "knight_rider_leds" for hierarchy "knight_rider_leds:kb_knight_rider_leds"
Info: Elaborating entity "knight_rider_leds" for hierarchy "knight_rider_leds:sys_knight_rider_leds"
Info: Registers with preset signals will power-up high
Info: DEV_CLRn pin will set, and not reset, register with preset signal due to NOT Gate Push-Back
Warning: Output pins are stuck at VCC or GND
    Warning (13410): Pin "HEX0[7]" is stuck at GND
    Warning (13410): Pin "HEX1[7]" is stuck at GND
    Warning (13410): Pin "HEX2[0]" is stuck at GND
    Warning (13410): Pin "HEX2[1]" is stuck at GND
    Warning (13410): Pin "HEX2[2]" is stuck at GND
    Warning (13410): Pin "HEX2[4]" is stuck at GND
    Warning (13410): Pin "HEX2[5]" is stuck at GND
    Warning (13410): Pin "HEX2[7]" is stuck at GND
    Warning (13410): Pin "HEX3[0]" is stuck at GND
    Warning (13410): Pin "HEX3[4]" is stuck at GND
    Warning (13410): Pin "HEX3[5]" is stuck at GND
    Warning (13410): Pin "HEX3[7]" is stuck at GND
Info: Timing-Driven Synthesis is running
Info: Generating hard_block partition "hard_block:auto_generated_inst"
Warning: Design contains 207 input pin(s) that do not drive logic
    Warning (15610): No output dependent on input pin "FL_BYTE_N"
    Warning (15610): No output dependent on input pin "FL_CE_N"
    Warning (15610): No output dependent on input pin "FL_OE_N"
    Warning (15610): No output dependent on input pin "FL_RST_N"
    Warning (15610): No output dependent on input pin "FL_RY"
    Warning (15610): No output dependent on input pin "FL_WE_N"
    Warning (15610): No output dependent on input pin "FL_WP_N"
    Warning (15610): No output dependent on input pin "FL_DQ15_AM1"
    Warning (15610): No output dependent on input pin "GPIO_CLKIN_N0"
    Warning (15610): No output dependent on input pin "GPIO_CLKIN_P0"
    Warning (15610): No output dependent on input pin "GPIO_CLKOUT_N0"
    Warning (15610): No output dependent on input pin "GPIO_CLKOUT_P0"
    Warning (15610): No output dependent on input pin "GPIO_CLKIN_P1"
    Warning (15610): No output dependent on input pin "GPIO_CLKIN_N1"
    Warning (15610): No output dependent on input pin "GPIO_CLKOUT_P1"
    Warning (15610): No output dependent on input pin "GPIO_CLKOUT_N1"
    Warning (15610): No output dependent on input pin "PS2_MSCLK"
    Warning (15610): No output dependent on input pin "PS2_MSDAT"
    Warning (15610): No output dependent on input pin "UART_RXD"
    Warning (15610): No output dependent on input pin "UART_TXD"
    Warning (15610): No output dependent on input pin "UART_RTS"
    Warning (15610): No output dependent on input pin "UART_CTS"
    Warning (15610): No output dependent on input pin "SD_CLK"
    Warning (15610): No output dependent on input pin "SD_CMD"
    Warning (15610): No output dependent on input pin "SD_DAT0"
    Warning (15610): No output dependent on input pin "SD_DAT3"
    Warning (15610): No output dependent on input pin "SD_WP_N"
    Warning (15610): No output dependent on input pin "LCD_RW"
    Warning (15610): No output dependent on input pin "LCD_RS"
    Warning (15610): No output dependent on input pin "LCD_EN"
    Warning (15610): No output dependent on input pin "LCD_BLON"
    Warning (15610): No output dependent on input pin "VGA_HS"
    Warning (15610): No output dependent on input pin "VGA_VS"
    Warning (15610): No output dependent on input pin "DRAM_CAS_N"
    Warning (15610): No output dependent on input pin "DRAM_CS_N"
    Warning (15610): No output dependent on input pin "DRAM_CLK"
    Warning (15610): No output dependent on input pin "DRAM_CKE"
    Warning (15610): No output dependent on input pin "DRAM_LDQM"
    Warning (15610): No output dependent on input pin "DRAM_UDQM"
    Warning (15610): No output dependent on input pin "DRAM_RAS_N"
    Warning (15610): No output dependent on input pin "DRAM_WE_N"
    Warning (15610): No output dependent on input pin "CLOCK_50_2"
    Warning (15610): No output dependent on input pin "SW[0]"
    Warning (15610): No output dependent on input pin "SW[1]"
    Warning (15610): No output dependent on input pin "SW[2]"
    Warning (15610): No output dependent on input pin "SW[3]"
    Warning (15610): No output dependent on input pin "SW[4]"
    Warning (15610): No output dependent on input pin "SW[5]"
    Warning (15610): No output dependent on input pin "SW[6]"
    Warning (15610): No output dependent on input pin "SW[7]"
    Warning (15610): No output dependent on input pin "SW[8]"
    Warning (15610): No output dependent on input pin "SW[9]"
    Warning (15610): No output dependent on input pin "KEY[0]"
    Warning (15610): No output dependent on input pin "KEY[1]"
    Warning (15610): No output dependent on input pin "KEY[2]"
    Warning (15610): No output dependent on input pin "FL_ADDR[0]"
    Warning (15610): No output dependent on input pin "FL_ADDR[1]"
    Warning (15610): No output dependent on input pin "FL_ADDR[2]"
    Warning (15610): No output dependent on input pin "FL_ADDR[3]"
    Warning (15610): No output dependent on input pin "FL_ADDR[4]"
    Warning (15610): No output dependent on input pin "FL_ADDR[5]"
    Warning (15610): No output dependent on input pin "FL_ADDR[6]"
    Warning (15610): No output dependent on input pin "FL_ADDR[7]"
    Warning (15610): No output dependent on input pin "FL_ADDR[8]"
    Warning (15610): No output dependent on input pin "FL_ADDR[9]"
    Warning (15610): No output dependent on input pin "FL_ADDR[10]"
    Warning (15610): No output dependent on input pin "FL_ADDR[11]"
    Warning (15610): No output dependent on input pin "FL_ADDR[12]"
    Warning (15610): No output dependent on input pin "FL_ADDR[13]"
    Warning (15610): No output dependent on input pin "FL_ADDR[14]"
    Warning (15610): No output dependent on input pin "FL_ADDR[15]"
    Warning (15610): No output dependent on input pin "FL_ADDR[16]"
    Warning (15610): No output dependent on input pin "FL_ADDR[17]"
    Warning (15610): No output dependent on input pin "FL_ADDR[18]"
    Warning (15610): No output dependent on input pin "FL_ADDR[19]"
    Warning (15610): No output dependent on input pin "FL_ADDR[20]"
    Warning (15610): No output dependent on input pin "FL_ADDR[21]"
    Warning (15610): No output dependent on input pin "FL_DQ[0]"
    Warning (15610): No output dependent on input pin "FL_DQ[1]"
    Warning (15610): No output dependent on input pin "FL_DQ[2]"
    Warning (15610): No output dependent on input pin "FL_DQ[3]"
    Warning (15610): No output dependent on input pin "FL_DQ[4]"
    Warning (15610): No output dependent on input pin "FL_DQ[5]"
    Warning (15610): No output dependent on input pin "FL_DQ[6]"
    Warning (15610): No output dependent on input pin "FL_DQ[7]"
    Warning (15610): No output dependent on input pin "FL_DQ[8]"
    Warning (15610): No output dependent on input pin "FL_DQ[9]"
    Warning (15610): No output dependent on input pin "FL_DQ[10]"
    Warning (15610): No output dependent on input pin "FL_DQ[11]"
    Warning (15610): No output dependent on input pin "FL_DQ[12]"
    Warning (15610): No output dependent on input pin "FL_DQ[13]"
    Warning (15610): No output dependent on input pin "FL_DQ[14]"
    Warning (15610): No output dependent on input pin "GPIO_0[0]"
    Warning (15610): No output dependent on input pin "GPIO_0[1]"
    Warning (15610): No output dependent on input pin "GPIO_0[2]"
    Warning (15610): No output dependent on input pin "GPIO_0[3]"
    Warning (15610): No output dependent on input pin "GPIO_0[4]"
    Warning (15610): No output dependent on input pin "GPIO_0[5]"
    Warning (15610): No output dependent on input pin "GPIO_0[6]"
    Warning (15610): No output dependent on input pin "GPIO_0[7]"
    Warning (15610): No output dependent on input pin "GPIO_0[8]"
    Warning (15610): No output dependent on input pin "GPIO_0[9]"
    Warning (15610): No output dependent on input pin "GPIO_0[10]"
    Warning (15610): No output dependent on input pin "GPIO_0[11]"
    Warning (15610): No output dependent on input pin "GPIO_0[12]"
    Warning (15610): No output dependent on input pin "GPIO_0[13]"
    Warning (15610): No output dependent on input pin "GPIO_0[14]"
    Warning (15610): No output dependent on input pin "GPIO_0[15]"
    Warning (15610): No output dependent on input pin "GPIO_0[16]"
    Warning (15610): No output dependent on input pin "GPIO_0[17]"
    Warning (15610): No output dependent on input pin "GPIO_0[18]"
    Warning (15610): No output dependent on input pin "GPIO_0[19]"
    Warning (15610): No output dependent on input pin "GPIO_0[20]"
    Warning (15610): No output dependent on input pin "GPIO_0[21]"
    Warning (15610): No output dependent on input pin "GPIO_0[22]"
    Warning (15610): No output dependent on input pin "GPIO_0[23]"
    Warning (15610): No output dependent on input pin "GPIO_0[24]"
    Warning (15610): No output dependent on input pin "GPIO_0[25]"
    Warning (15610): No output dependent on input pin "GPIO_0[26]"
    Warning (15610): No output dependent on input pin "GPIO_0[27]"
    Warning (15610): No output dependent on input pin "GPIO_0[28]"
    Warning (15610): No output dependent on input pin "GPIO_0[29]"
    Warning (15610): No output dependent on input pin "GPIO_0[30]"
    Warning (15610): No output dependent on input pin "GPIO_0[31]"
    Warning (15610): No output dependent on input pin "GPIO_1[0]"
    Warning (15610): No output dependent on input pin "GPIO_1[1]"
    Warning (15610): No output dependent on input pin "GPIO_1[2]"
    Warning (15610): No output dependent on input pin "GPIO_1[3]"
    Warning (15610): No output dependent on input pin "GPIO_1[4]"
    Warning (15610): No output dependent on input pin "GPIO_1[5]"
    Warning (15610): No output dependent on input pin "GPIO_1[6]"
    Warning (15610): No output dependent on input pin "GPIO_1[7]"
    Warning (15610): No output dependent on input pin "GPIO_1[8]"
    Warning (15610): No output dependent on input pin "GPIO_1[9]"
    Warning (15610): No output dependent on input pin "GPIO_1[10]"
    Warning (15610): No output dependent on input pin "GPIO_1[11]"
    Warning (15610): No output dependent on input pin "GPIO_1[12]"
    Warning (15610): No output dependent on input pin "GPIO_1[13]"
    Warning (15610): No output dependent on input pin "GPIO_1[14]"
    Warning (15610): No output dependent on input pin "GPIO_1[15]"
    Warning (15610): No output dependent on input pin "GPIO_1[16]"
    Warning (15610): No output dependent on input pin "GPIO_1[17]"
    Warning (15610): No output dependent on input pin "GPIO_1[18]"
    Warning (15610): No output dependent on input pin "GPIO_1[19]"
    Warning (15610): No output dependent on input pin "GPIO_1[20]"
    Warning (15610): No output dependent on input pin "GPIO_1[21]"
    Warning (15610): No output dependent on input pin "GPIO_1[22]"
    Warning (15610): No output dependent on input pin "GPIO_1[23]"
    Warning (15610): No output dependent on input pin "GPIO_1[24]"
    Warning (15610): No output dependent on input pin "GPIO_1[25]"
    Warning (15610): No output dependent on input pin "GPIO_1[26]"
    Warning (15610): No output dependent on input pin "GPIO_1[27]"
    Warning (15610): No output dependent on input pin "GPIO_1[28]"
    Warning (15610): No output dependent on input pin "GPIO_1[29]"
    Warning (15610): No output dependent on input pin "GPIO_1[30]"
    Warning (15610): No output dependent on input pin "GPIO_1[31]"
    Warning (15610): No output dependent on input pin "LCD_DATA[0]"
    Warning (15610): No output dependent on input pin "LCD_DATA[1]"
    Warning (15610): No output dependent on input pin "LCD_DATA[2]"
    Warning (15610): No output dependent on input pin "LCD_DATA[3]"
    Warning (15610): No output dependent on input pin "LCD_DATA[4]"
    Warning (15610): No output dependent on input pin "LCD_DATA[5]"
    Warning (15610): No output dependent on input pin "LCD_DATA[6]"
    Warning (15610): No output dependent on input pin "LCD_DATA[7]"
    Warning (15610): No output dependent on input pin "VGA_G[0]"
    Warning (15610): No output dependent on input pin "VGA_G[1]"
    Warning (15610): No output dependent on input pin "VGA_G[2]"
    Warning (15610): No output dependent on input pin "VGA_G[3]"
    Warning (15610): No output dependent on input pin "VGA_R[0]"
    Warning (15610): No output dependent on input pin "VGA_R[1]"
    Warning (15610): No output dependent on input pin "VGA_R[2]"
    Warning (15610): No output dependent on input pin "VGA_R[3]"
    Warning (15610): No output dependent on input pin "VGA_B[0]"
    Warning (15610): No output dependent on input pin "VGA_B[1]"
    Warning (15610): No output dependent on input pin "VGA_B[2]"
    Warning (15610): No output dependent on input pin "VGA_B[3]"
    Warning (15610): No output dependent on input pin "DRAM_BA[0]"
    Warning (15610): No output dependent on input pin "DRAM_BA[1]"
    Warning (15610): No output dependent on input pin "DRAM_DQ[0]"
    Warning (15610): No output dependent on input pin "DRAM_DQ[1]"
    Warning (15610): No output dependent on input pin "DRAM_DQ[2]"
    Warning (15610): No output dependent on input pin "DRAM_DQ[3]"
    Warning (15610): No output dependent on input pin "DRAM_DQ[4]"
    Warning (15610): No output dependent on input pin "DRAM_DQ[5]"
    Warning (15610): No output dependent on input pin "DRAM_DQ[6]"
    Warning (15610): No output dependent on input pin "DRAM_DQ[7]"
    Warning (15610): No output dependent on input pin "DRAM_DQ[8]"
    Warning (15610): No output dependent on input pin "DRAM_DQ[9]"
    Warning (15610): No output dependent on input pin "DRAM_DQ[10]"
    Warning (15610): No output dependent on input pin "DRAM_DQ[11]"
    Warning (15610): No output dependent on input pin "DRAM_DQ[12]"
    Warning (15610): No output dependent on input pin "DRAM_DQ[13]"
    Warning (15610): No output dependent on input pin "DRAM_DQ[14]"
    Warning (15610): No output dependent on input pin "DRAM_DQ[15]"
    Warning (15610): No output dependent on input pin "DRAM_ADDR[0]"
    Warning (15610): No output dependent on input pin "DRAM_ADDR[1]"
    Warning (15610): No output dependent on input pin "DRAM_ADDR[2]"
    Warning (15610): No output dependent on input pin "DRAM_ADDR[3]"
    Warning (15610): No output dependent on input pin "DRAM_ADDR[4]"
    Warning (15610): No output dependent on input pin "DRAM_ADDR[5]"
    Warning (15610): No output dependent on input pin "DRAM_ADDR[6]"
    Warning (15610): No output dependent on input pin "DRAM_ADDR[7]"
    Warning (15610): No output dependent on input pin "DRAM_ADDR[8]"
    Warning (15610): No output dependent on input pin "DRAM_ADDR[9]"
    Warning (15610): No output dependent on input pin "DRAM_ADDR[10]"
    Warning (15610): No output dependent on input pin "DRAM_ADDR[11]"
    Warning (15610): No output dependent on input pin "DRAM_ADDR[12]"
Info: Implemented 449 device resources after synthesis - the final resource count might be different
    Info: Implemented 208 input pins
    Info: Implemented 42 output pins
    Info: Implemented 2 bidirectional pins
    Info: Implemented 197 logic cells
Info: Quartus II Analysis & Synthesis was successful. 0 errors, 227 warnings
    Info: Peak virtual memory: 287 megabytes
    Info: Processing ended: Thu Mar  1 22:57:52 2012
    Info: Elapsed time: 00:00:15
    Info: Total CPU time (on all processors): 00:00:15


